{"uuid":"036fa104-5b46-407c-bc0e-b90343e56963","historyId":"27cdcade133a2c9802e676ceeecfa30e","fullName":"org.pentagonprofilestats.testCases.PPS07TestCaseProfileAnalysis.profileAnalysis_validatesResultCard","labels":[{"name":"package","value":"org.pentagonprofilestats.testCases.PPS07TestCaseProfileAnalysis"},{"name":"testClass","value":"org.pentagonprofilestats.testCases.PPS07TestCaseProfileAnalysis"},{"name":"testMethod","value":"profileAnalysis_validatesResultCard"},{"name":"parentSuite","value":"PentagonProfileStats - Functional"},{"name":"suite","value":"chrome Test"},{"name":"subSuite","value":"org.pentagonprofilestats.testCases.PPS07TestCaseProfileAnalysis"},{"name":"host","value":"LTIN675353"},{"name":"thread","value":"29824@LTIN675353.TestNG-tests-1(43)"},{"name":"framework","value":"testng"},{"name":"language","value":"java"}],"links":[],"name":"profileAnalysis_validatesResultCard","status":"broken","statusDetails":{"known":false,"muted":false,"flaky":false,"message":"Unable to execute request for an existing session: java.io.IOException: HTTP/1.1 header parser received no bytes\nBuild info: version: '4.39.0', revision: '126f156aee'\nSystem info: os.name: 'Windows 11', os.arch: 'amd64', os.version: '10.0', java.version: '21'\nDriver info: org.openqa.selenium.remote.RemoteWebDriver\nCommand: [995bfe80569c43f18c55a761bd114822, sendKeysToElement {value=[Ljava.lang.CharSequence;@29cc66f7, id=f.AB4FE0C349538FF96BB03F6CFBC4D60A.d.05ED58457DCFFD787172031B9D2C8029.e.50}]\nCapabilities {acceptInsecureCerts: false, browserName: chrome, browserVersion: 142.0.7444.176, chrome: {chromedriverVersion: 142.0.7444.175 (302067f14a4..., userDataDir: C:\\Users\\2457173\\AppData\\Lo...}, fedcm:accounts: true, goog:chromeOptions: {debuggerAddress: localhost:61031}, goog:processID: 2916, networkConnectionEnabled: false, pageLoadStrategy: normal, platformName: Windows 11, proxy: Proxy(), se:bidiEnabled: false, se:cdp: ws://10.232.8.203:4444/sess..., se:cdpVersion: 142.0.7444.176, setWindowRect: true, strictFileInteractability: false, timeouts: {implicit: 0, pageLoad: 300000, script: 30000}, unhandledPromptBehavior: dismiss and notify, webauthn:extension:credBlob: true, webauthn:extension:largeBlob: true, webauthn:extension:minPinLength: true, webauthn:extension:prf: true, webauthn:virtualAuthenticators: true}\nElement: [[RemoteWebDriver: chrome on Windows 11 (995bfe80569c43f18c55a761bd114822)] -> id: websites]\nSession ID: 995bfe80569c43f18c55a761bd114822","trace":"org.openqa.selenium.WebDriverException: Unable to execute request for an existing session: java.io.IOException: HTTP/1.1 header parser received no bytes\nBuild info: version: '4.39.0', revision: '126f156aee'\nSystem info: os.name: 'Windows 11', os.arch: 'amd64', os.version: '10.0', java.version: '21'\nDriver info: org.openqa.selenium.remote.RemoteWebDriver\nCommand: [995bfe80569c43f18c55a761bd114822, sendKeysToElement {value=[Ljava.lang.CharSequence;@29cc66f7, id=f.AB4FE0C349538FF96BB03F6CFBC4D60A.d.05ED58457DCFFD787172031B9D2C8029.e.50}]\nCapabilities {acceptInsecureCerts: false, browserName: chrome, browserVersion: 142.0.7444.176, chrome: {chromedriverVersion: 142.0.7444.175 (302067f14a4..., userDataDir: C:\\Users\\2457173\\AppData\\Lo...}, fedcm:accounts: true, goog:chromeOptions: {debuggerAddress: localhost:61031}, goog:processID: 2916, networkConnectionEnabled: false, pageLoadStrategy: normal, platformName: Windows 11, proxy: Proxy(), se:bidiEnabled: false, se:cdp: ws://10.232.8.203:4444/sess..., se:cdpVersion: 142.0.7444.176, setWindowRect: true, strictFileInteractability: false, timeouts: {implicit: 0, pageLoad: 300000, script: 30000}, unhandledPromptBehavior: dismiss and notify, webauthn:extension:credBlob: true, webauthn:extension:largeBlob: true, webauthn:extension:minPinLength: true, webauthn:extension:prf: true, webauthn:virtualAuthenticators: true}\nElement: [[RemoteWebDriver: chrome on Windows 11 (995bfe80569c43f18c55a761bd114822)] -> id: websites]\nSession ID: 995bfe80569c43f18c55a761bd114822\r\n\tat java.base/jdk.internal.reflect.DirectConstructorHandleAccessor.newInstance(DirectConstructorHandleAccessor.java:62)\r\n\tat java.base/java.lang.reflect.Constructor.newInstanceWithCaller(Constructor.java:502)\r\n\tat java.base/java.lang.reflect.Constructor.newInstance(Constructor.java:486)\r\n\tat org.openqa.selenium.remote.ErrorCodec.decode(ErrorCodec.java:167)\r\n\tat org.openqa.selenium.remote.codec.w3c.W3CHttpResponseCodec.decode(W3CHttpResponseCodec.java:142)\r\n\tat org.openqa.selenium.remote.codec.w3c.W3CHttpResponseCodec.decode(W3CHttpResponseCodec.java:49)\r\n\tat org.openqa.selenium.remote.HttpCommandExecutor.execute(HttpCommandExecutor.java:215)\r\n\tat org.openqa.selenium.remote.TracedCommandExecutor.execute(TracedCommandExecutor.java:53)\r\n\tat org.openqa.selenium.remote.RemoteWebDriver.execute(RemoteWebDriver.java:561)\r\n\tat org.openqa.selenium.remote.RemoteWebElement.execute(RemoteWebElement.java:223)\r\n\tat org.openqa.selenium.remote.RemoteWebElement.sendKeys(RemoteWebElement.java:110)\r\n\tat java.base/jdk.internal.reflect.DirectMethodHandleAccessor.invoke(DirectMethodHandleAccessor.java:103)\r\n\tat java.base/java.lang.reflect.Method.invoke(Method.java:580)\r\n\tat org.openqa.selenium.support.pagefactory.internal.LocatingElementHandler.invoke(LocatingElementHandler.java:51)\r\n\tat jdk.proxy2/jdk.proxy2.$Proxy33.sendKeys(Unknown Source)\r\n\tat org.pentagonprofilestats.pageObjects.PPSHomePageObjects.setWebsitesDeveloped(PPSHomePageObjects.java:175)\r\n\tat org.pentagonprofilestats.testCases.PPS07TestCaseProfileAnalysis.profileAnalysis_validatesResultCard(PPS07TestCaseProfileAnalysis.java:30)\r\n\tat java.base/jdk.internal.reflect.DirectMethodHandleAccessor.invoke(DirectMethodHandleAccessor.java:103)\r\n\tat java.base/java.lang.reflect.Method.invoke(Method.java:580)\r\n\tat org.testng.internal.invokers.MethodInvocationHelper.invokeMethod(MethodInvocationHelper.java:141)\r\n\tat org.testng.internal.invokers.TestInvoker.invokeMethod(TestInvoker.java:687)\r\n\tat org.testng.internal.invokers.TestInvoker.invokeTestMethod(TestInvoker.java:230)\r\n\tat org.testng.internal.invokers.MethodRunner.runInSequence(MethodRunner.java:63)\r\n\tat org.testng.internal.invokers.TestInvoker$MethodInvocationAgent.invoke(TestInvoker.java:995)\r\n\tat org.testng.internal.invokers.TestInvoker.invokeTestMethods(TestInvoker.java:203)\r\n\tat org.testng.internal.invokers.TestMethodWorker.invokeTestMethods(TestMethodWorker.java:154)\r\n\tat org.testng.internal.invokers.TestMethodWorker.run(TestMethodWorker.java:134)\r\n\tat java.base/java.util.ArrayList.forEach(ArrayList.java:1596)\r\n\tat org.testng.TestRunner.privateRun(TestRunner.java:741)\r\n\tat org.testng.TestRunner.run(TestRunner.java:616)\r\n\tat org.testng.SuiteRunner.runTest(SuiteRunner.java:421)\r\n\tat org.testng.SuiteRunner$SuiteWorker.run(SuiteRunner.java:463)\r\n\tat org.testng.internal.thread.ThreadUtil.lambda$execute$0(ThreadUtil.java:64)\r\n\tat java.base/java.util.concurrent.FutureTask.run(FutureTask.java:317)\r\n\tat java.base/java.util.concurrent.ThreadPoolExecutor.runWorker(ThreadPoolExecutor.java:1144)\r\n\tat java.base/java.util.concurrent.ThreadPoolExecutor$Worker.run(ThreadPoolExecutor.java:642)\r\n\tat java.base/java.lang.Thread.run(Thread.java:1583)\r\n"},"stage":"finished","steps":[],"attachments":[],"parameters":[{"name":"arg3","value":"1"},{"name":"arg2","value":"Java"},{"name":"arg4","value":"2"},{"name":"os","value":"windows"},{"name":"arg1","value":"2 Years"},{"name":"browser","value":"chrome"},{"name":"arg0","value":"Naveen"}],"start":1768797728234,"stop":1768797738300}